<?xml version="1.0" encoding="UTF-8"?>
<!-- Generated by org.testng.reporters.JUnitReportReporter -->
<testsuite hostname="Fariss-MacBook-Pro.local" failures="0" tests="2" name="fariskanburacademy.test.ErrorValidationsTest" time="10.840" errors="0" timestamp="2023-01-18T16:29:43 CET" skipped="0">
  <testcase classname="fariskanburacademy.test.ErrorValidationsTest" name="ProductErrorValidation" time="6.673"/>
  <system-out/>
  <testcase classname="fariskanburacademy.test.ErrorValidationsTest" name="LoginErrorValidation" time="4.167"/>
  <system-out/>
</testsuite> <!-- fariskanburacademy.test.ErrorValidationsTest -->
