<?xml version="1.0" encoding="UTF-8"?>
<!-- Generated by org.testng.reporters.JUnitReportReporter -->
<testsuite hostname="Fariss-MacBook-Pro.local" failures="0" tests="3" name="fariskanburacademy.test.StandAloneTest" time="16.803" errors="0" timestamp="2023-01-18T16:29:43 CET" skipped="0">
  <testcase classname="fariskanburacademy.test.StandAloneTest" name="OrderHistoryTest" time="4.659"/>
  <system-out/>
  <testcase classname="fariskanburacademy.test.StandAloneTest" name="standAloneTest" time="5.952"/>
  <system-out/>
  <testcase classname="fariskanburacademy.test.StandAloneTest" name="standAloneTest" time="6.192"/>
  <system-out/>
</testsuite> <!-- fariskanburacademy.test.StandAloneTest -->
